<?xml version="1.0" encoding="UTF-8"?>
<!-- Generated by org.testng.reporters.JUnitReportReporter -->
<testsuite skipped="0" hostname="Benny-computer" name="testcases.AddToCartTest" tests="1" failures="0" timestamp="20 Dec 2018 13:28:10 GMT" time="4.989" errors="0">
  <testcase name="addToCartCancel" time="4.989" classname="testcases.AddToCartTest"/>
</testsuite> <!-- testcases.AddToCartTest -->
